# JRE version: OpenJDK Runtime Environment GraalVM CE 22.3.0 (17.0.5+8) (build 17.0.5+8-jvmci-22.3-b08)
# Java VM: OpenJDK 64-Bit Server VM GraalVM CE 22.3.0 (17.0.5+8-jvmci-22.3-b08, mixed mode, sharing, tiered, jvmci, jvmci compiler, compressed oops, compressed class ptrs, parallel gc, linux-amd64)
GC Precious Log:
 CPUs: 8 total, 1 available
 Memory: 1024M
 Large Page Support: Disabled
 NUMA Support: Disabled
 Compressed Oops: Enabled (32-bit)
 Alignments: Space 512K, Generation 512K, Heap 2M
 Heap Min Capacity: 100M
 Heap Initial Capacity: 100M
 Heap Max Capacity: 512M
 Pre-touch: Disabled
 Parallel Workers: 1
Heap:
 PSYoungGen      total 72192K, used 46079K [0x00000000f5580000, 0x00000000fb900000, 0x0000000100000000)
  eden space 46080K, 99% used [0x00000000f5580000,0x00000000f827fff8,0x00000000f8280000)
  from space 26112K, 0% used [0x00000000f9e00000,0x00000000f9e00000,0x00000000fb780000)
  to   space 27136K, 0% used [0x00000000f8280000,0x00000000f8280000,0x00000000f9d00000)
 ParOldGen       total 349696K, used 349696K [0x00000000e0000000, 0x00000000f5580000, 0x00000000f5580000)
  object space 349696K, 100% used [0x00000000e0000000,0x00000000f5580000,0x00000000f5580000)
 Metaspace       used 64644K, committed 65664K, reserved 1114112K
  class space    used 6248K, committed 6720K, reserved 1048576K
GC Heap History (20 events):
Event: 756.687 GC heap before
{Heap before GC invocations=544 (full 448):
 PSYoungGen      total 72192K, used 46079K [0x00000000f5580000, 0x00000000fb900000, 0x0000000100000000)
  eden space 46080K, 99% used [0x00000000f5580000,0x00000000f827fff8,0x00000000f8280000)
  from space 26112K, 0% used [0x00000000f9e00000,0x00000000f9e00000,0x00000000fb780000)
  to   space 27136K, 0% used [0x00000000f8280000,0x00000000f8280000,0x00000000f9d00000)
 ParOldGen       total 349696K, used 349691K [0x00000000e0000000, 0x00000000f5580000, 0x00000000f5580000)
  object space 349696K, 99% used [0x00000000e0000000,0x00000000f557ece0,0x00000000f5580000)
 Metaspace       used 64644K, committed 65664K, reserved 1114112K
  class space    used 6248K, committed 6720K, reserved 1048576K
}
Event: 758.372 GC heap after
{Heap after GC invocations=544 (full 448):
 PSYoungGen      total 73216K, used 46079K [0x00000000f5580000, 0x00000000fb900000, 0x0000000100000000)
  eden space 46080K, 99% used [0x00000000f5580000,0x00000000f827fff8,0x00000000f8280000)
  from space 27136K, 0% used [0x00000000f8280000,0x00000000f8280000,0x00000000f9d00000)
  to   space 26112K, 0% used [0x00000000f9e00000,0x00000000f9e00000,0x00000000fb780000)
 ParOldGen       total 349696K, used 349691K [0x00000000e0000000, 0x00000000f5580000, 0x00000000f5580000)
  object space 349696K, 99% used [0x00000000e0000000,0x00000000f557eca0,0x00000000f5580000)
 Metaspace       used 64644K, committed 65664K, reserved 1114112K
  class space    used 6248K, committed 6720K, reserved 1048576K
}
Event: 758.373 GC heap before
{Heap before GC invocations=545 (full 449):
 PSYoungGen      total 73216K, used 46079K [0x00000000f5580000, 0x00000000fb900000, 0x0000000100000000)
  eden space 46080K, 99% used [0x00000000f5580000,0x00000000f827fff8,0x00000000f8280000)
  from space 27136K, 0% used [0x00000000f8280000,0x00000000f8280000,0x00000000f9d00000)
  to   space 26112K, 0% used [0x00000000f9e00000,0x00000000f9e00000,0x00000000fb780000)
 ParOldGen       total 349696K, used 349695K [0x00000000e0000000, 0x00000000f5580000, 0x00000000f5580000)
  object space 349696K, 99% used [0x00000000e0000000,0x00000000f557ffc8,0x00000000f5580000)
 Metaspace       used 64644K, committed 65664K, reserved 1114112K
  class space    used 6248K, committed 6720K, reserved 1048576K
}
Event: 759.927 GC heap after
{Heap after GC invocations=545 (full 449):
 PSYoungGen      total 72192K, used 46079K [0x00000000f5580000, 0x00000000fb900000, 0x0000000100000000)
  eden space 46080K, 99% used [0x00000000f5580000,0x00000000f827fe48,0x00000000f8280000)
  from space 26112K, 0% used [0x00000000f9e00000,0x00000000f9e00000,0x00000000fb780000)
  to   space 27136K, 0% used [0x00000000f8280000,0x00000000f8280000,0x00000000f9d00000)
 ParOldGen       total 349696K, used 349692K [0x00000000e0000000, 0x00000000f5580000, 0x00000000f5580000)
  object space 349696K, 99% used [0x00000000e0000000,0x00000000f557f320,0x00000000f5580000)
 Metaspace       used 64644K, committed 65664K, reserved 1114112K
  class space    used 6248K, committed 6720K, reserved 1048576K
}
Event: 759.927 GC heap before
{Heap before GC invocations=546 (full 450):
 PSYoungGen      total 72192K, used 46080K [0x00000000f5580000, 0x00000000fb900000, 0x0000000100000000)
  eden space 46080K, 100% used [0x00000000f5580000,0x00000000f8280000,0x00000000f8280000)
  from space 26112K, 0% used [0x00000000f9e00000,0x00000000f9e00000,0x00000000fb780000)
  to   space 27136K, 0% used [0x00000000f8280000,0x00000000f8280000,0x00000000f9d00000)
 ParOldGen       total 349696K, used 349692K [0x00000000e0000000, 0x00000000f5580000, 0x00000000f5580000)
  object space 349696K, 99% used [0x00000000e0000000,0x00000000f557f320,0x00000000f5580000)
 Metaspace       used 64644K, committed 65664K, reserved 1114112K
  class space    used 6248K, committed 6720K, reserved 1048576K
}
Event: 761.468 GC heap after
{Heap after GC invocations=546 (full 450):
 PSYoungGen      total 73216K, used 46079K [0x00000000f5580000, 0x00000000fb900000, 0x0000000100000000)
  eden space 46080K, 99% used [0x00000000f5580000,0x00000000f827ff78,0x00000000f8280000)
  from space 27136K, 0% used [0x00000000f8280000,0x00000000f8280000,0x00000000f9d00000)
  to   space 26112K, 0% used [0x00000000f9e00000,0x00000000f9e00000,0x00000000fb780000)
 ParOldGen       total 349696K, used 349692K [0x00000000e0000000, 0x00000000f5580000, 0x00000000f5580000)
  object space 349696K, 99% used [0x00000000e0000000,0x00000000f557f320,0x00000000f5580000)
 Metaspace       used 64644K, committed 65664K, reserved 1114112K
  class space    used 6248K, committed 6720K, reserved 1048576K
}
Event: 761.470 GC heap before
{Heap before GC invocations=547 (full 451):
 PSYoungGen      total 73216K, used 46079K [0x00000000f5580000, 0x00000000fb900000, 0x0000000100000000)
  eden space 46080K, 99% used [0x00000000f5580000,0x00000000f827fff8,0x00000000f8280000)
  from space 27136K, 0% used [0x00000000f8280000,0x00000000f8280000,0x00000000f9d00000)
  to   space 26112K, 0% used [0x00000000f9e00000,0x00000000f9e00000,0x00000000fb780000)
 ParOldGen       total 349696K, used 349692K [0x00000000e0000000, 0x00000000f5580000, 0x00000000f5580000)
  object space 349696K, 99% used [0x00000000e0000000,0x00000000f557f320,0x00000000f5580000)
 Metaspace       used 64644K, committed 65664K, reserved 1114112K
  class space    used 6248K, committed 6720K, reserved 1048576K
}
Event: 762.905 GC heap after
{Heap after GC invocations=547 (full 451):
 PSYoungGen      total 72192K, used 46079K [0x00000000f5580000, 0x00000000fb900000, 0x0000000100000000)
  eden space 46080K, 99% used [0x00000000f5580000,0x00000000f827ffc0,0x00000000f8280000)
  from space 26112K, 0% used [0x00000000f9e00000,0x00000000f9e00000,0x00000000fb780000)
  to   space 27136K, 0% used [0x00000000f8280000,0x00000000f8280000,0x00000000f9d00000)
 ParOldGen       total 349696K, used 349692K [0x00000000e0000000, 0x00000000f5580000, 0x00000000f5580000)
  object space 349696K, 99% used [0x00000000e0000000,0x00000000f557f320,0x00000000f5580000)
 Metaspace       used 64644K, committed 65664K, reserved 1114112K
  class space    used 6248K, committed 6720K, reserved 1048576K
}
Event: 762.905 GC heap before
{Heap before GC invocations=548 (full 452):
 PSYoungGen      total 72192K, used 46079K [0x00000000f5580000, 0x00000000fb900000, 0x0000000100000000)
  eden space 46080K, 99% used [0x00000000f5580000,0x00000000f827fff0,0x00000000f8280000)
  from space 26112K, 0% used [0x00000000f9e00000,0x00000000f9e00000,0x00000000fb780000)
  to   space 27136K, 0% used [0x00000000f8280000,0x00000000f8280000,0x00000000f9d00000)
 ParOldGen       total 349696K, used 349692K [0x00000000e0000000, 0x00000000f5580000, 0x00000000f5580000)
  object space 349696K, 99% used [0x00000000e0000000,0x00000000f557f320,0x00000000f5580000)
 Metaspace       used 64644K, committed 65664K, reserved 1114112K
  class space    used 6248K, committed 6720K, reserved 1048576K
}
Event: 764.390 GC heap after
{Heap after GC invocations=548 (full 452):
 PSYoungGen      total 73216K, used 46079K [0x00000000f5580000, 0x00000000fb900000, 0x0000000100000000)
  eden space 46080K, 99% used [0x00000000f5580000,0x00000000f827ffa0,0x00000000f8280000)
  from space 27136K, 0% used [0x00000000f8280000,0x00000000f8280000,0x00000000f9d00000)
  to   space 26112K, 0% used [0x00000000f9e00000,0x00000000f9e00000,0x00000000fb780000)
 ParOldGen       total 349696K, used 349692K [0x00000000e0000000, 0x00000000f5580000, 0x00000000f5580000)
  object space 349696K, 99% used [0x00000000e0000000,0x00000000f557f2c0,0x00000000f5580000)
 Metaspace       used 64644K, committed 65664K, reserved 1114112K
  class space    used 6248K, committed 6720K, reserved 1048576K
}
Event: 764.390 GC heap before
{Heap before GC invocations=549 (full 453):
 PSYoungGen      total 73216K, used 46079K [0x00000000f5580000, 0x00000000fb900000, 0x0000000100000000)
  eden space 46080K, 99% used [0x00000000f5580000,0x00000000f827fff0,0x00000000f8280000)
  from space 27136K, 0% used [0x00000000f8280000,0x00000000f8280000,0x00000000f9d00000)
  to   space 26112K, 0% used [0x00000000f9e00000,0x00000000f9e00000,0x00000000fb780000)
 ParOldGen       total 349696K, used 349692K [0x00000000e0000000, 0x00000000f5580000, 0x00000000f5580000)
  object space 349696K, 99% used [0x00000000e0000000,0x00000000f557f2c0,0x00000000f5580000)
 Metaspace       used 64644K, committed 65664K, reserved 1114112K
  class space    used 6248K, committed 6720K, reserved 1048576K
}
Event: 766.036 GC heap after
{Heap after GC invocations=549 (full 453):
 PSYoungGen      total 72192K, used 46078K [0x00000000f5580000, 0x00000000fb900000, 0x0000000100000000)
  eden space 46080K, 99% used [0x00000000f5580000,0x00000000f827f9d8,0x00000000f8280000)
  from space 26112K, 0% used [0x00000000f9e00000,0x00000000f9e00000,0x00000000fb780000)
  to   space 27136K, 0% used [0x00000000f8280000,0x00000000f8280000,0x00000000f9d00000)
 ParOldGen       total 349696K, used 349692K [0x00000000e0000000, 0x00000000f5580000, 0x00000000f5580000)
  object space 349696K, 99% used [0x00000000e0000000,0x00000000f557f2c0,0x00000000f5580000)
 Metaspace       used 64644K, committed 65664K, reserved 1114112K
  class space    used 6248K, committed 6720K, reserved 1048576K
}
Event: 766.036 GC heap before
{Heap before GC invocations=550 (full 454):
 PSYoungGen      total 72192K, used 46079K [0x00000000f5580000, 0x00000000fb900000, 0x0000000100000000)
  eden space 46080K, 99% used [0x00000000f5580000,0x00000000f827ffb8,0x00000000f8280000)
  from space 26112K, 0% used [0x00000000f9e00000,0x00000000f9e00000,0x00000000fb780000)
  to   space 27136K, 0% used [0x00000000f8280000,0x00000000f8280000,0x00000000f9d00000)
 ParOldGen       total 349696K, used 349692K [0x00000000e0000000, 0x00000000f5580000, 0x00000000f5580000)
  object space 349696K, 99% used [0x00000000e0000000,0x00000000f557f2c0,0x00000000f5580000)
 Metaspace       used 64644K, committed 65664K, reserved 1114112K
  class space    used 6248K, committed 6720K, reserved 1048576K
}
Event: 767.790 GC heap after
{Heap after GC invocations=550 (full 454):
 PSYoungGen      total 73216K, used 46078K [0x00000000f5580000, 0x00000000fb900000, 0x0000000100000000)
  eden space 46080K, 99% used [0x00000000f5580000,0x00000000f827f9a8,0x00000000f8280000)
  from space 27136K, 0% used [0x00000000f8280000,0x00000000f8280000,0x00000000f9d00000)
  to   space 26112K, 0% used [0x00000000f9e00000,0x00000000f9e00000,0x00000000fb780000)
 ParOldGen       total 349696K, used 349692K [0x00000000e0000000, 0x00000000f5580000, 0x00000000f5580000)
  object space 349696K, 99% used [0x00000000e0000000,0x00000000f557f2c0,0x00000000f5580000)
 Metaspace       used 64644K, committed 65664K, reserved 1114112K
  class space    used 6248K, committed 6720K, reserved 1048576K
}
Event: 767.793 GC heap before
{Heap before GC invocations=551 (full 455):
 PSYoungGen      total 73216K, used 46080K [0x00000000f5580000, 0x00000000fb900000, 0x0000000100000000)
  eden space 46080K, 100% used [0x00000000f5580000,0x00000000f8280000,0x00000000f8280000)
  from space 27136K, 0% used [0x00000000f8280000,0x00000000f8280000,0x00000000f9d00000)
  to   space 26112K, 0% used [0x00000000f9e00000,0x00000000f9e00000,0x00000000fb780000)
 ParOldGen       total 349696K, used 349695K [0x00000000e0000000, 0x00000000f5580000, 0x00000000f5580000)
  object space 349696K, 99% used [0x00000000e0000000,0x00000000f557fff8,0x00000000f5580000)
 Metaspace       used 64644K, committed 65664K, reserved 1114112K
  class space    used 6248K, committed 6720K, reserved 1048576K
}
Event: 769.582 GC heap after
{Heap after GC invocations=551 (full 455):
 PSYoungGen      total 72192K, used 46079K [0x00000000f5580000, 0x00000000fb900000, 0x0000000100000000)
  eden space 46080K, 99% used [0x00000000f5580000,0x00000000f827fd30,0x00000000f8280000)
  from space 26112K, 0% used [0x00000000f9e00000,0x00000000f9e00000,0x00000000fb780000)
  to   space 27136K, 0% used [0x00000000f8280000,0x00000000f8280000,0x00000000f9d00000)
 ParOldGen       total 349696K, used 349695K [0x00000000e0000000, 0x00000000f5580000, 0x00000000f5580000)
  object space 349696K, 99% used [0x00000000e0000000,0x00000000f557fe48,0x00000000f5580000)
 Metaspace       used 64644K, committed 65664K, reserved 1114112K
  class space    used 6248K, committed 6720K, reserved 1048576K
}
Event: 769.583 GC heap before
{Heap before GC invocations=552 (full 456):
 PSYoungGen      total 72192K, used 46079K [0x00000000f5580000, 0x00000000fb900000, 0x0000000100000000)
  eden space 46080K, 99% used [0x00000000f5580000,0x00000000f827fe10,0x00000000f8280000)
  from space 26112K, 0% used [0x00000000f9e00000,0x00000000f9e00000,0x00000000fb780000)
  to   space 27136K, 0% used [0x00000000f8280000,0x00000000f8280000,0x00000000f9d00000)
 ParOldGen       total 349696K, used 349695K [0x00000000e0000000, 0x00000000f5580000, 0x00000000f5580000)
  object space 349696K, 99% used [0x00000000e0000000,0x00000000f557fe48,0x00000000f5580000)
 Metaspace       used 64644K, committed 65664K, reserved 1114112K
  class space    used 6248K, committed 6720K, reserved 1048576K
}
Event: 771.072 GC heap after
{Heap after GC invocations=552 (full 456):
 PSYoungGen      total 73216K, used 46079K [0x00000000f5580000, 0x00000000fb900000, 0x0000000100000000)
  eden space 46080K, 99% used [0x00000000f5580000,0x00000000f827fd30,0x00000000f8280000)
  from space 27136K, 0% used [0x00000000f8280000,0x00000000f8280000,0x00000000f9d00000)
  to   space 26112K, 0% used [0x00000000f9e00000,0x00000000f9e00000,0x00000000fb780000)
 ParOldGen       total 349696K, used 349695K [0x00000000e0000000, 0x00000000f5580000, 0x00000000f5580000)
  object space 349696K, 99% used [0x00000000e0000000,0x00000000f557fe48,0x00000000f5580000)
 Metaspace       used 64644K, committed 65664K, reserved 1114112K
  class space    used 6248K, committed 6720K, reserved 1048576K
}
Event: 771.072 GC heap before
{Heap before GC invocations=553 (full 457):
 PSYoungGen      total 73216K, used 46079K [0x00000000f5580000, 0x00000000fb900000, 0x0000000100000000)
  eden space 46080K, 99% used [0x00000000f5580000,0x00000000f827fd30,0x00000000f8280000)
  from space 27136K, 0% used [0x00000000f8280000,0x00000000f8280000,0x00000000f9d00000)
  to   space 26112K, 0% used [0x00000000f9e00000,0x00000000f9e00000,0x00000000fb780000)
 ParOldGen       total 349696K, used 349695K [0x00000000e0000000, 0x00000000f5580000, 0x00000000f5580000)
  object space 349696K, 99% used [0x00000000e0000000,0x00000000f557fe48,0x00000000f5580000)
 Metaspace       used 64644K, committed 65664K, reserved 1114112K
  class space    used 6248K, committed 6720K, reserved 1048576K
}
Event: 772.681 GC heap after
{Heap after GC invocations=553 (full 457):
 PSYoungGen      total 72192K, used 46079K [0x00000000f5580000, 0x00000000fb900000, 0x0000000100000000)
  eden space 46080K, 99% used [0x00000000f5580000,0x00000000f827fd30,0x00000000f8280000)
  from space 26112K, 0% used [0x00000000f9e00000,0x00000000f9e00000,0x00000000fb780000)
  to   space 27136K, 0% used [0x00000000f8280000,0x00000000f8280000,0x00000000f9d00000)
 ParOldGen       total 349696K, used 349695K [0x00000000e0000000, 0x00000000f5580000, 0x00000000f5580000)
  object space 349696K, 99% used [0x00000000e0000000,0x00000000f557fe48,0x00000000f5580000)
 Metaspace       used 64644K, committed 65664K, reserved 1114112K
  class space    used 6248K, committed 6720K, reserved 1048576K
}

